app/build/intermediates/manifest_merge_blame_file/debug/manifest-merger-blame-debug-report.txt
1<?xml version="1.0" encoding="utf-8"?>
2<manifest xmlns:android="http://schemas.android.com/apk/res/android"
3    package="com.shopeeapp"
4    android:installLocation="auto"
5    android:versionCode="1"
6    android:versionName="1.0" >
7
8    <uses-sdk
9        android:minSdkVersion="26"
9-->src\main\AndroidManifest.xml
10        android:targetSdkVersion="31" />
10-->src\main\AndroidManifest.xml
11
12    <uses-feature
12-->src\main\AndroidManifest.xml:6:5-8:35
13        android:name="android.hardware.camera"
13-->src\main\AndroidManifest.xml:7:9-47
14        android:required="true" />
14-->src\main\AndroidManifest.xml:8:9-32
15    <uses-feature
15-->src\main\AndroidManifest.xml:9:5-11:36
16        android:name="android.hardware.camera.autofocus"
16-->src\main\AndroidManifest.xml:10:9-57
17        android:required="false" />
17-->src\main\AndroidManifest.xml:11:9-33
18    <uses-feature
18-->src\main\AndroidManifest.xml:12:5-14:36
19        android:name="android.hardware.camera.flash"
19-->src\main\AndroidManifest.xml:13:9-53
20        android:required="false" />
20-->src\main\AndroidManifest.xml:14:9-33
21    <uses-feature
21-->src\main\AndroidManifest.xml:15:5-17:35
22        android:name="android.hardware.camera.any"
22-->src\main\AndroidManifest.xml:16:9-51
23        android:required="true" />
23-->src\main\AndroidManifest.xml:17:9-32
24
25    <uses-permission android:name="android.permission.INTERNET" />
25-->src\main\AndroidManifest.xml:19:5-67
25-->src\main\AndroidManifest.xml:19:22-64
26    <uses-permission android:name="ANDROID.PERMISSION.READ_EXTERNAL_STORAGE" />
26-->src\main\AndroidManifest.xml:20:5-80
26-->src\main\AndroidManifest.xml:20:22-77
27    <uses-permission android:name="android.permission.WRITE_EXTERNAL_STORAGE" />
27-->src\main\AndroidManifest.xml:21:5-81
27-->src\main\AndroidManifest.xml:21:22-78
28    <uses-permission android:name="android.permission.CAMERA" />
28-->src\main\AndroidManifest.xml:22:5-65
28-->src\main\AndroidManifest.xml:22:22-62
29    <uses-permission android:name="android.permission.ACCESS_NETWORK_STATE" />
29-->[com.google.firebase:firebase-auth:21.0.3] AndroidManifest.xml:24:5-79
29-->[com.google.firebase:firebase-auth:21.0.3] AndroidManifest.xml:24:22-76
30    <uses-permission android:name="android.permission.WAKE_LOCK" />
30-->[com.google.android.gms:play-services-measurement-api:20.1.2] AndroidManifest.xml:24:5-68
30-->[com.google.android.gms:play-services-measurement-api:20.1.2] AndroidManifest.xml:24:22-65
31    <uses-permission android:name="com.google.android.gms.permission.AD_ID" />
31-->[com.google.android.gms:play-services-measurement-api:20.1.2] AndroidManifest.xml:25:5-79
31-->[com.google.android.gms:play-services-measurement-api:20.1.2] AndroidManifest.xml:25:22-76
32    <uses-permission android:name="com.google.android.finsky.permission.BIND_GET_INSTALL_REFERRER_SERVICE" />
32-->[com.google.android.gms:play-services-measurement:20.1.2] AndroidManifest.xml:26:5-110
32-->[com.google.android.gms:play-services-measurement:20.1.2] AndroidManifest.xml:26:22-107
33    <uses-permission android:name="android.permission.VIBRATE" />
33-->[io.card:android-sdk:5.5.0] AndroidManifest.xml:10:5-66
33-->[io.card:android-sdk:5.5.0] AndroidManifest.xml:10:22-63
34
35    <application
35-->src\main\AndroidManifest.xml:24:5-136:19
36        android:allowBackup="true"
36-->src\main\AndroidManifest.xml:25:9-35
37        android:appComponentFactory="androidx.core.app.CoreComponentFactory"
37-->[androidx.core:core:1.7.0] AndroidManifest.xml:24:18-86
38        android:debuggable="true"
39        android:extractNativeLibs="false"
40        android:label="@string/app_name"
40-->src\main\AndroidManifest.xml:26:9-41
41        android:logo="@drawable/plush"
41-->src\main\AndroidManifest.xml:27:9-39
42        android:roundIcon="@drawable/plush"
42-->src\main\AndroidManifest.xml:28:9-44
43        android:supportsRtl="true"
43-->src\main\AndroidManifest.xml:29:9-35
44        android:testOnly="true"
45        android:theme="@style/Theme.MaterialComponents.DayNight.NoActionBar.Bridge" >
45-->src\main\AndroidManifest.xml:30:9-84
46        <activity
46-->src\main\AndroidManifest.xml:31:9-33:40
47            android:name="com.shopeeapp.activity.admin.ListPayActivity"
47-->src\main\AndroidManifest.xml:32:13-59
48            android:exported="false" />
48-->src\main\AndroidManifest.xml:33:13-37
49        <activity
49-->src\main\AndroidManifest.xml:34:9-36:40
50            android:name="com.shopeeapp.activity.admin.ShowPaymentActivity"
50-->src\main\AndroidManifest.xml:35:13-63
51            android:exported="false" />
51-->src\main\AndroidManifest.xml:36:13-37
52        <activity
52-->src\main\AndroidManifest.xml:37:9-39:39
53            android:name="com.shopeeapp.activity.admin.BarChartActivity"
53-->src\main\AndroidManifest.xml:38:13-60
54            android:exported="true" />
54-->src\main\AndroidManifest.xml:39:13-36
55        <activity
55-->src\main\AndroidManifest.xml:40:9-42:39
56            android:name="com.shopeeapp.activity.admin.StaticActivity"
56-->src\main\AndroidManifest.xml:41:13-58
57            android:exported="true" />
57-->src\main\AndroidManifest.xml:42:13-36
58        <activity
58-->src\main\AndroidManifest.xml:43:9-45:39
59            android:name="com.shopeeapp.activity.admin.ShowAdUserActivity"
59-->src\main\AndroidManifest.xml:44:13-62
60            android:exported="true" />
60-->src\main\AndroidManifest.xml:45:13-36
61        <activity
61-->src\main\AndroidManifest.xml:46:9-48:39
62            android:name="com.shopeeapp.activity.admin.DashBoard"
62-->src\main\AndroidManifest.xml:47:13-53
63            android:exported="true" />
63-->src\main\AndroidManifest.xml:48:13-36
64        <activity
64-->src\main\AndroidManifest.xml:49:9-51:39
65            android:name="com.shopeeapp.activity.admin.AdminShowProImgActivity"
65-->src\main\AndroidManifest.xml:50:13-67
66            android:exported="true" />
66-->src\main\AndroidManifest.xml:51:13-36
67        <activity
67-->src\main\AndroidManifest.xml:52:9-54:39
68            android:name="com.shopeeapp.activity.admin.ShowAdStoreActivity"
68-->src\main\AndroidManifest.xml:53:13-63
69            android:exported="true" />
69-->src\main\AndroidManifest.xml:54:13-36
70        <activity
70-->src\main\AndroidManifest.xml:55:9-57:40
71            android:name="com.shopeeapp.activity.admin.ShowAdRoleActivity"
71-->src\main\AndroidManifest.xml:56:13-62
72            android:exported="false" />
72-->src\main\AndroidManifest.xml:57:13-37
73        <activity
73-->src\main\AndroidManifest.xml:58:9-60:39
74            android:name="com.shopeeapp.activity.admin.ShowAdProTypeActivity"
74-->src\main\AndroidManifest.xml:59:13-65
75            android:exported="true" />
75-->src\main\AndroidManifest.xml:60:13-36
76        <activity
76-->src\main\AndroidManifest.xml:61:9-63:39
77            android:name="com.shopeeapp.activity.admin.ShowAdDiscountActivity"
77-->src\main\AndroidManifest.xml:62:13-66
78            android:exported="true" />
78-->src\main\AndroidManifest.xml:63:13-36
79        <activity
79-->src\main\AndroidManifest.xml:64:9-66:39
80            android:name="com.shopeeapp.activity.admin.ShowAdProductActivity"
80-->src\main\AndroidManifest.xml:65:13-65
81            android:exported="true" />
81-->src\main\AndroidManifest.xml:66:13-36
82        <activity
82-->src\main\AndroidManifest.xml:67:9-69:39
83            android:name="com.shopeeapp.activity.admin.AdminProductTypeActivity"
83-->src\main\AndroidManifest.xml:68:13-68
84            android:exported="true" />
84-->src\main\AndroidManifest.xml:69:13-36
85        <activity
85-->src\main\AndroidManifest.xml:70:9-72:39
86            android:name="com.shopeeapp.activity.admin.AdminProductActivity"
86-->src\main\AndroidManifest.xml:71:13-64
87            android:exported="true" />
87-->src\main\AndroidManifest.xml:72:13-36
88        <activity
88-->src\main\AndroidManifest.xml:73:9-75:39
89            android:name="com.shopeeapp.activity.admin.AdminStoreActivity"
89-->src\main\AndroidManifest.xml:74:13-62
90            android:exported="true" />
90-->src\main\AndroidManifest.xml:75:13-36
91        <activity
91-->src\main\AndroidManifest.xml:76:9-78:39
92            android:name="com.shopeeapp.activity.admin.ProductImageActivity"
92-->src\main\AndroidManifest.xml:77:13-64
93            android:exported="true" />
93-->src\main\AndroidManifest.xml:78:13-36
94        <activity
94-->src\main\AndroidManifest.xml:79:9-81:39
95            android:name="com.shopeeapp.activity.admin.AdminDiscountActivity"
95-->src\main\AndroidManifest.xml:80:13-65
96            android:exported="true" />
96-->src\main\AndroidManifest.xml:81:13-36
97        <activity android:name="com.shopeeapp.activity.AccountInfoActivity" />
97-->src\main\AndroidManifest.xml:82:9-66
97-->src\main\AndroidManifest.xml:82:19-63
98        <activity android:name="com.shopeeapp.activity.FirebaseActivity" />
98-->src\main\AndroidManifest.xml:83:9-63
98-->src\main\AndroidManifest.xml:83:19-60
99        <activity android:name="com.shopeeapp.activity.SearchResult" />
99-->src\main\AndroidManifest.xml:84:9-59
99-->src\main\AndroidManifest.xml:84:19-56
100        <activity
100-->src\main\AndroidManifest.xml:85:9-94:20
101            android:name="com.shopeeapp.MainActivity"
101-->src\main\AndroidManifest.xml:86:13-41
102            android:exported="true"
102-->src\main\AndroidManifest.xml:87:13-36
103            android:windowSoftInputMode="adjustPan" >
103-->src\main\AndroidManifest.xml:88:13-52
104            <intent-filter>
104-->src\main\AndroidManifest.xml:89:13-93:29
105                <action android:name="android.intent.action.MAIN" />
105-->src\main\AndroidManifest.xml:90:17-69
105-->src\main\AndroidManifest.xml:90:25-66
106
107                <category android:name="android.intent.category.LAUNCHER" />
107-->src\main\AndroidManifest.xml:92:17-77
107-->src\main\AndroidManifest.xml:92:27-74
108            </intent-filter>
109        </activity>
110        <activity
110-->src\main\AndroidManifest.xml:95:9-97:39
111            android:name="com.shopeeapp.activity.LogIn"
111-->src\main\AndroidManifest.xml:96:13-43
112            android:exported="true" />
112-->src\main\AndroidManifest.xml:97:13-36
113        <activity
113-->src\main\AndroidManifest.xml:98:9-100:55
114            android:name="com.shopeeapp.activity.SignUp"
114-->src\main\AndroidManifest.xml:99:13-44
115            android:windowSoftInputMode="adjustPan" />
115-->src\main\AndroidManifest.xml:100:13-52
116        <activity
116-->src\main\AndroidManifest.xml:101:9-103:55
117            android:name="com.shopeeapp.activity.Help"
117-->src\main\AndroidManifest.xml:102:13-42
118            android:windowSoftInputMode="adjustPan" />
118-->src\main\AndroidManifest.xml:103:13-52
119        <activity
119-->src\main\AndroidManifest.xml:104:9-106:55
120            android:name="com.shopeeapp.activity.ChangeLanguage"
120-->src\main\AndroidManifest.xml:105:13-52
121            android:windowSoftInputMode="adjustPan" />
121-->src\main\AndroidManifest.xml:106:13-52
122        <activity
122-->src\main\AndroidManifest.xml:107:9-109:55
123            android:name="com.shopeeapp.activity.CartDetail"
123-->src\main\AndroidManifest.xml:108:13-48
124            android:windowSoftInputMode="adjustPan" />
124-->src\main\AndroidManifest.xml:109:13-52
125        <activity
125-->src\main\AndroidManifest.xml:110:9-112:55
126            android:name="com.shopeeapp.activity.BillHistory"
126-->src\main\AndroidManifest.xml:111:13-49
127            android:windowSoftInputMode="adjustPan" />
127-->src\main\AndroidManifest.xml:112:13-52
128        <activity
128-->src\main\AndroidManifest.xml:113:9-115:55
129            android:name="com.shopeeapp.activity.ProductDetail"
129-->src\main\AndroidManifest.xml:114:13-51
130            android:windowSoftInputMode="adjustPan" />
130-->src\main\AndroidManifest.xml:115:13-52
131        <activity
131-->src\main\AndroidManifest.xml:116:9-118:55
132            android:name="com.shopeeapp.activity.ForgotPassword"
132-->src\main\AndroidManifest.xml:117:13-52
133            android:windowSoftInputMode="adjustPan" />
133-->src\main\AndroidManifest.xml:118:13-52
134        <activity
134-->src\main\AndroidManifest.xml:119:9-121:55
135            android:name="com.shopeeapp.activity.AccountSettings"
135-->src\main\AndroidManifest.xml:120:13-53
136            android:windowSoftInputMode="adjustPan" />
136-->src\main\AndroidManifest.xml:121:13-52
137
138        <meta-data
138-->src\main\AndroidManifest.xml:123:9-125:57
139            android:name="preloaded_fonts"
139-->src\main\AndroidManifest.xml:124:13-43
140            android:resource="@array/preloaded_fonts" />
140-->src\main\AndroidManifest.xml:125:13-54
141
142        <provider
142-->src\main\AndroidManifest.xml:127:9-135:20
143            android:name="androidx.core.content.FileProvider"
143-->src\main\AndroidManifest.xml:128:13-62
144            android:authorities="com.shopeeapp"
144-->src\main\AndroidManifest.xml:129:13-48
145            android:exported="false"
145-->src\main\AndroidManifest.xml:130:13-37
146            android:grantUriPermissions="true" >
146-->src\main\AndroidManifest.xml:131:13-47
147            <meta-data
147-->src\main\AndroidManifest.xml:132:13-134:54
148                android:name="android.support.FILE_PROVIDER_PATHS"
148-->src\main\AndroidManifest.xml:133:17-67
149                android:resource="@xml/file_paths" />
149-->src\main\AndroidManifest.xml:134:17-51
150        </provider>
151
152        <activity
152-->[com.google.android.gms:play-services-auth:20.1.0] AndroidManifest.xml:23:9-27:75
153            android:name="com.google.android.gms.auth.api.signin.internal.SignInHubActivity"
153-->[com.google.android.gms:play-services-auth:20.1.0] AndroidManifest.xml:24:13-93
154            android:excludeFromRecents="true"
154-->[com.google.android.gms:play-services-auth:20.1.0] AndroidManifest.xml:25:13-46
155            android:exported="false"
155-->[com.google.android.gms:play-services-auth:20.1.0] AndroidManifest.xml:26:13-37
156            android:theme="@android:style/Theme.Translucent.NoTitleBar" />
156-->[com.google.android.gms:play-services-auth:20.1.0] AndroidManifest.xml:27:13-72
157        <!--
158            Service handling Google Sign-In user revocation. For apps that do not integrate with
159            Google Sign-In, this service will never be started.
160        -->
161        <service
161-->[com.google.android.gms:play-services-auth:20.1.0] AndroidManifest.xml:33:9-37:51
162            android:name="com.google.android.gms.auth.api.signin.RevocationBoundService"
162-->[com.google.android.gms:play-services-auth:20.1.0] AndroidManifest.xml:34:13-89
163            android:exported="true"
163-->[com.google.android.gms:play-services-auth:20.1.0] AndroidManifest.xml:35:13-36
164            android:permission="com.google.android.gms.auth.api.signin.permission.REVOCATION_NOTIFICATION"
164-->[com.google.android.gms:play-services-auth:20.1.0] AndroidManifest.xml:36:13-107
165            android:visibleToInstantApps="true" />
165-->[com.google.android.gms:play-services-auth:20.1.0] AndroidManifest.xml:37:13-48
166
167        <activity
167-->[com.google.firebase:firebase-auth:21.0.3] AndroidManifest.xml:27:9-44:20
168            android:name="com.google.firebase.auth.internal.GenericIdpActivity"
168-->[com.google.firebase:firebase-auth:21.0.3] AndroidManifest.xml:28:13-80
169            android:excludeFromRecents="true"
169-->[com.google.firebase:firebase-auth:21.0.3] AndroidManifest.xml:29:13-46
170            android:exported="true"
170-->[com.google.firebase:firebase-auth:21.0.3] AndroidManifest.xml:30:13-36
171            android:launchMode="singleTask"
171-->[com.google.firebase:firebase-auth:21.0.3] AndroidManifest.xml:31:13-44
172            android:theme="@android:style/Theme.Translucent.NoTitleBar" >
172-->[com.google.firebase:firebase-auth:21.0.3] AndroidManifest.xml:32:13-72
173            <intent-filter>
173-->[com.google.firebase:firebase-auth:21.0.3] AndroidManifest.xml:33:13-43:29
174                <action android:name="android.intent.action.VIEW" />
174-->[com.google.firebase:firebase-auth:21.0.3] AndroidManifest.xml:34:17-69
174-->[com.google.firebase:firebase-auth:21.0.3] AndroidManifest.xml:34:25-66
175
176                <category android:name="android.intent.category.DEFAULT" />
176-->[com.google.firebase:firebase-auth:21.0.3] AndroidManifest.xml:36:17-76
176-->[com.google.firebase:firebase-auth:21.0.3] AndroidManifest.xml:36:27-73
177                <category android:name="android.intent.category.BROWSABLE" />
177-->[com.google.firebase:firebase-auth:21.0.3] AndroidManifest.xml:37:17-78
177-->[com.google.firebase:firebase-auth:21.0.3] AndroidManifest.xml:37:27-75
178
179                <data
179-->[com.google.firebase:firebase-auth:21.0.3] AndroidManifest.xml:39:17-42:51
180                    android:host="firebase.auth"
180-->[com.google.firebase:firebase-auth:21.0.3] AndroidManifest.xml:40:21-49
181                    android:path="/"
181-->[com.google.firebase:firebase-auth:21.0.3] AndroidManifest.xml:41:21-37
182                    android:scheme="genericidp" />
182-->[com.google.firebase:firebase-auth:21.0.3] AndroidManifest.xml:42:21-48
183            </intent-filter>
184        </activity>
185        <activity
185-->[com.google.firebase:firebase-auth:21.0.3] AndroidManifest.xml:45:9-62:20
186            android:name="com.google.firebase.auth.internal.RecaptchaActivity"
186-->[com.google.firebase:firebase-auth:21.0.3] AndroidManifest.xml:46:13-79
187            android:excludeFromRecents="true"
187-->[com.google.firebase:firebase-auth:21.0.3] AndroidManifest.xml:47:13-46
188            android:exported="true"
188-->[com.google.firebase:firebase-auth:21.0.3] AndroidManifest.xml:48:13-36
189            android:launchMode="singleTask"
189-->[com.google.firebase:firebase-auth:21.0.3] AndroidManifest.xml:49:13-44
190            android:theme="@android:style/Theme.Translucent.NoTitleBar" >
190-->[com.google.firebase:firebase-auth:21.0.3] AndroidManifest.xml:50:13-72
191            <intent-filter>
191-->[com.google.firebase:firebase-auth:21.0.3] AndroidManifest.xml:51:13-61:29
192                <action android:name="android.intent.action.VIEW" />
192-->[com.google.firebase:firebase-auth:21.0.3] AndroidManifest.xml:34:17-69
192-->[com.google.firebase:firebase-auth:21.0.3] AndroidManifest.xml:34:25-66
193
194                <category android:name="android.intent.category.DEFAULT" />
194-->[com.google.firebase:firebase-auth:21.0.3] AndroidManifest.xml:36:17-76
194-->[com.google.firebase:firebase-auth:21.0.3] AndroidManifest.xml:36:27-73
195                <category android:name="android.intent.category.BROWSABLE" />
195-->[com.google.firebase:firebase-auth:21.0.3] AndroidManifest.xml:37:17-78
195-->[com.google.firebase:firebase-auth:21.0.3] AndroidManifest.xml:37:27-75
196
197                <data
197-->[com.google.firebase:firebase-auth:21.0.3] AndroidManifest.xml:39:17-42:51
198                    android:host="firebase.auth"
198-->[com.google.firebase:firebase-auth:21.0.3] AndroidManifest.xml:40:21-49
199                    android:path="/"
199-->[com.google.firebase:firebase-auth:21.0.3] AndroidManifest.xml:41:21-37
200                    android:scheme="recaptcha" />
200-->[com.google.firebase:firebase-auth:21.0.3] AndroidManifest.xml:42:21-48
201            </intent-filter>
202        </activity>
203
204        <service
204-->[com.google.firebase:firebase-auth:21.0.3] AndroidManifest.xml:64:9-70:19
205            android:name="com.google.firebase.components.ComponentDiscoveryService"
205-->[com.google.firebase:firebase-auth:21.0.3] AndroidManifest.xml:65:13-84
206            android:directBootAware="true"
206-->[com.google.firebase:firebase-common:20.1.1] AndroidManifest.xml:35:13-43
207            android:exported="false" >
207-->[com.google.firebase:firebase-auth:21.0.3] AndroidManifest.xml:66:13-37
208            <meta-data
208-->[com.google.firebase:firebase-auth:21.0.3] AndroidManifest.xml:67:13-69:85
209                android:name="com.google.firebase.components:com.google.firebase.auth.FirebaseAuthRegistrar"
209-->[com.google.firebase:firebase-auth:21.0.3] AndroidManifest.xml:68:17-109
210                android:value="com.google.firebase.components.ComponentRegistrar" />
210-->[com.google.firebase:firebase-auth:21.0.3] AndroidManifest.xml:69:17-82
211            <meta-data
211-->[com.google.firebase:firebase-database:20.0.5] AndroidManifest.xml:32:13-34:85
212                android:name="com.google.firebase.components:com.google.firebase.database.DatabaseRegistrar"
212-->[com.google.firebase:firebase-database:20.0.5] AndroidManifest.xml:33:17-109
213                android:value="com.google.firebase.components.ComponentRegistrar" />
213-->[com.google.firebase:firebase-database:20.0.5] AndroidManifest.xml:34:17-82
214            <meta-data
214-->[com.google.firebase:firebase-storage:20.0.1] AndroidManifest.xml:33:13-35:85
215                android:name="com.google.firebase.components:com.google.firebase.storage.StorageRegistrar"
215-->[com.google.firebase:firebase-storage:20.0.1] AndroidManifest.xml:34:17-107
216                android:value="com.google.firebase.components.ComponentRegistrar" />
216-->[com.google.firebase:firebase-storage:20.0.1] AndroidManifest.xml:35:17-82
217            <meta-data
217-->[com.google.android.gms:play-services-measurement-api:20.1.2] AndroidManifest.xml:31:13-33:85
218                android:name="com.google.firebase.components:com.google.firebase.analytics.connector.internal.AnalyticsConnectorRegistrar"
218-->[com.google.android.gms:play-services-measurement-api:20.1.2] AndroidManifest.xml:32:17-139
219                android:value="com.google.firebase.components.ComponentRegistrar" />
219-->[com.google.android.gms:play-services-measurement-api:20.1.2] AndroidManifest.xml:33:17-82
220            <meta-data
220-->[com.google.firebase:firebase-installations:17.0.1] AndroidManifest.xml:18:13-20:85
221                android:name="com.google.firebase.components:com.google.firebase.installations.FirebaseInstallationsRegistrar"
221-->[com.google.firebase:firebase-installations:17.0.1] AndroidManifest.xml:19:17-127
222                android:value="com.google.firebase.components.ComponentRegistrar" />
222-->[com.google.firebase:firebase-installations:17.0.1] AndroidManifest.xml:20:17-82
223        </service>
224
225        <activity
225-->[com.google.android.gms:play-services-base:18.0.1] AndroidManifest.xml:20:9-22:45
226            android:name="com.google.android.gms.common.api.GoogleApiActivity"
226-->[com.google.android.gms:play-services-base:18.0.1] AndroidManifest.xml:20:19-85
227            android:exported="false"
227-->[com.google.android.gms:play-services-base:18.0.1] AndroidManifest.xml:22:19-43
228            android:theme="@android:style/Theme.Translucent.NoTitleBar" />
228-->[com.google.android.gms:play-services-base:18.0.1] AndroidManifest.xml:21:19-78
229
230        <provider
230-->[com.google.firebase:firebase-common:20.1.1] AndroidManifest.xml:26:9-31:39
231            android:name="com.google.firebase.provider.FirebaseInitProvider"
231-->[com.google.firebase:firebase-common:20.1.1] AndroidManifest.xml:27:13-77
232            android:authorities="com.shopeeapp.firebaseinitprovider"
232-->[com.google.firebase:firebase-common:20.1.1] AndroidManifest.xml:28:13-72
233            android:directBootAware="true"
233-->[com.google.firebase:firebase-common:20.1.1] AndroidManifest.xml:29:13-43
234            android:exported="false"
234-->[com.google.firebase:firebase-common:20.1.1] AndroidManifest.xml:30:13-37
235            android:initOrder="100" />
235-->[com.google.firebase:firebase-common:20.1.1] AndroidManifest.xml:31:13-36
236
237        <receiver
237-->[com.google.android.gms:play-services-measurement:20.1.2] AndroidManifest.xml:29:9-33:20
238            android:name="com.google.android.gms.measurement.AppMeasurementReceiver"
238-->[com.google.android.gms:play-services-measurement:20.1.2] AndroidManifest.xml:30:13-85
239            android:enabled="true"
239-->[com.google.android.gms:play-services-measurement:20.1.2] AndroidManifest.xml:31:13-35
240            android:exported="false" >
240-->[com.google.android.gms:play-services-measurement:20.1.2] AndroidManifest.xml:32:13-37
241        </receiver>
242
243        <service
243-->[com.google.android.gms:play-services-measurement:20.1.2] AndroidManifest.xml:35:9-38:40
244            android:name="com.google.android.gms.measurement.AppMeasurementService"
244-->[com.google.android.gms:play-services-measurement:20.1.2] AndroidManifest.xml:36:13-84
245            android:enabled="true"
245-->[com.google.android.gms:play-services-measurement:20.1.2] AndroidManifest.xml:37:13-35
246            android:exported="false" />
246-->[com.google.android.gms:play-services-measurement:20.1.2] AndroidManifest.xml:38:13-37
247        <service
247-->[com.google.android.gms:play-services-measurement:20.1.2] AndroidManifest.xml:39:9-43:72
248            android:name="com.google.android.gms.measurement.AppMeasurementJobService"
248-->[com.google.android.gms:play-services-measurement:20.1.2] AndroidManifest.xml:40:13-87
249            android:enabled="true"
249-->[com.google.android.gms:play-services-measurement:20.1.2] AndroidManifest.xml:41:13-35
250            android:exported="false"
250-->[com.google.android.gms:play-services-measurement:20.1.2] AndroidManifest.xml:42:13-37
251            android:permission="android.permission.BIND_JOB_SERVICE" />
251-->[com.google.android.gms:play-services-measurement:20.1.2] AndroidManifest.xml:43:13-69
252
253        <meta-data
253-->[com.google.android.gms:play-services-basement:18.0.0] AndroidManifest.xml:21:9-23:69
254            android:name="com.google.android.gms.version"
254-->[com.google.android.gms:play-services-basement:18.0.0] AndroidManifest.xml:22:13-58
255            android:value="@integer/google_play_services_version" />
255-->[com.google.android.gms:play-services-basement:18.0.0] AndroidManifest.xml:23:13-66
256
257        <provider
257-->[androidx.emoji2:emoji2:1.0.0] AndroidManifest.xml:26:9-34:20
258            android:name="androidx.startup.InitializationProvider"
258-->[androidx.emoji2:emoji2:1.0.0] AndroidManifest.xml:27:13-67
259            android:authorities="com.shopeeapp.androidx-startup"
259-->[androidx.emoji2:emoji2:1.0.0] AndroidManifest.xml:28:13-68
260            android:exported="false" >
260-->[androidx.emoji2:emoji2:1.0.0] AndroidManifest.xml:29:13-37
261            <meta-data
261-->[androidx.emoji2:emoji2:1.0.0] AndroidManifest.xml:31:13-33:52
262                android:name="androidx.emoji2.text.EmojiCompatInitializer"
262-->[androidx.emoji2:emoji2:1.0.0] AndroidManifest.xml:32:17-75
263                android:value="androidx.startup" />
263-->[androidx.emoji2:emoji2:1.0.0] AndroidManifest.xml:33:17-49
264            <meta-data
264-->[androidx.lifecycle:lifecycle-process:2.4.0] AndroidManifest.xml:31:13-33:52
265                android:name="androidx.lifecycle.ProcessLifecycleInitializer"
265-->[androidx.lifecycle:lifecycle-process:2.4.0] AndroidManifest.xml:32:17-78
266                android:value="androidx.startup" />
266-->[androidx.lifecycle:lifecycle-process:2.4.0] AndroidManifest.xml:33:17-49
267        </provider>
268
269        <activity android:name="com.paypal.android.sdk.payments.PaymentActivity" />
269-->[com.paypal.sdk:paypal-android-sdk:2.15.3] AndroidManifest.xml:13:9-84
269-->[com.paypal.sdk:paypal-android-sdk:2.15.3] AndroidManifest.xml:13:19-81
270        <activity android:name="com.paypal.android.sdk.payments.PaymentMethodActivity" />
270-->[com.paypal.sdk:paypal-android-sdk:2.15.3] AndroidManifest.xml:14:9-90
270-->[com.paypal.sdk:paypal-android-sdk:2.15.3] AndroidManifest.xml:14:19-87
271        <activity android:name="com.paypal.android.sdk.payments.PaymentConfirmActivity" />
271-->[com.paypal.sdk:paypal-android-sdk:2.15.3] AndroidManifest.xml:15:9-91
271-->[com.paypal.sdk:paypal-android-sdk:2.15.3] AndroidManifest.xml:15:19-88
272        <activity android:name="com.paypal.android.sdk.payments.LoginActivity" />
272-->[com.paypal.sdk:paypal-android-sdk:2.15.3] AndroidManifest.xml:16:9-82
272-->[com.paypal.sdk:paypal-android-sdk:2.15.3] AndroidManifest.xml:16:19-79
273        <activity android:name="com.paypal.android.sdk.payments.PayPalFuturePaymentActivity" />
273-->[com.paypal.sdk:paypal-android-sdk:2.15.3] AndroidManifest.xml:17:9-96
273-->[com.paypal.sdk:paypal-android-sdk:2.15.3] AndroidManifest.xml:17:19-93
274        <activity android:name="com.paypal.android.sdk.payments.FuturePaymentConsentActivity" />
274-->[com.paypal.sdk:paypal-android-sdk:2.15.3] AndroidManifest.xml:18:9-97
274-->[com.paypal.sdk:paypal-android-sdk:2.15.3] AndroidManifest.xml:18:19-94
275        <activity android:name="com.paypal.android.sdk.payments.FuturePaymentInfoActivity" />
275-->[com.paypal.sdk:paypal-android-sdk:2.15.3] AndroidManifest.xml:19:9-94
275-->[com.paypal.sdk:paypal-android-sdk:2.15.3] AndroidManifest.xml:19:19-91
276        <activity android:name="com.paypal.android.sdk.payments.PayPalProfileSharingActivity" />
276-->[com.paypal.sdk:paypal-android-sdk:2.15.3] AndroidManifest.xml:20:9-97
276-->[com.paypal.sdk:paypal-android-sdk:2.15.3] AndroidManifest.xml:20:19-94
277        <activity android:name="com.paypal.android.sdk.payments.ProfileSharingConsentActivity" />
277-->[com.paypal.sdk:paypal-android-sdk:2.15.3] AndroidManifest.xml:21:9-98
277-->[com.paypal.sdk:paypal-android-sdk:2.15.3] AndroidManifest.xml:21:19-95
278
279        <service
279-->[com.paypal.sdk:paypal-android-sdk:2.15.3] AndroidManifest.xml:23:9-25:40
280            android:name="com.paypal.android.sdk.payments.PayPalService"
280-->[com.paypal.sdk:paypal-android-sdk:2.15.3] AndroidManifest.xml:24:13-73